# JRE version: Java(TM) SE Runtime Environment (8.0_121-b13) (build 1.8.0_121-b13)
# Java VM: Java HotSpot(TM) 64-Bit Server VM (25.121-b13 mixed mode windows-amd64 compressed oops)
Heap:
 PSYoungGen      total 22016K, used 878K [0x00000000ead80000, 0x00000000ec980000, 0x0000000100000000)
  eden space 15872K, 0% used [0x00000000ead80000,0x00000000ead80000,0x00000000ebd00000)
  from space 6144K, 14% used [0x00000000ebd00000,0x00000000ebddbbd8,0x00000000ec300000)
  to   space 6144K, 0% used [0x00000000ec380000,0x00000000ec380000,0x00000000ec980000)
 ParOldGen       total 44032K, used 15061K [0x00000000c0800000, 0x00000000c3300000, 0x00000000ead80000)
  object space 44032K, 34% used [0x00000000c0800000,0x00000000c16b57d8,0x00000000c3300000)
 Metaspace       used 19541K, capacity 20008K, committed 20224K, reserved 1067008K
  class space    used 2373K, capacity 2520K, committed 2560K, reserved 1048576K
GC Heap History (10 events):
Event: 12.028 GC heap before
{Heap before GC invocations=6 (full 0):
 PSYoungGen      total 18944K, used 18912K [0x00000000ead80000, 0x00000000eca80000, 0x0000000100000000)
  eden space 16384K, 100% used [0x00000000ead80000,0x00000000ebd80000,0x00000000ebd80000)
  from space 2560K, 98% used [0x00000000ebd80000,0x00000000ebff8020,0x00000000ec000000)
  to   space 6656K, 0% used [0x00000000ec400000,0x00000000ec400000,0x00000000eca80000)
 ParOldGen       total 44032K, used 8059K [0x00000000c0800000, 0x00000000c3300000, 0x00000000ead80000)
  object space 44032K, 18% used [0x00000000c0800000,0x00000000c0fdef48,0x00000000c3300000)
 Metaspace       used 14969K, capacity 15246K, committed 15488K, reserved 1062912K
  class space    used 1810K, capacity 1911K, committed 1920K, reserved 1048576K
Event: 12.045 GC heap after
Heap after GC invocations=6 (full 0):
 PSYoungGen      total 22016K, used 4146K [0x00000000ead80000, 0x00000000ec980000, 0x0000000100000000)
  eden space 16384K, 0% used [0x00000000ead80000,0x00000000ead80000,0x00000000ebd80000)
  from space 5632K, 73% used [0x00000000ec400000,0x00000000ec80cb28,0x00000000ec980000)
  to   space 6144K, 0% used [0x00000000ebd80000,0x00000000ebd80000,0x00000000ec380000)
 ParOldGen       total 44032K, used 8059K [0x00000000c0800000, 0x00000000c3300000, 0x00000000ead80000)
  object space 44032K, 18% used [0x00000000c0800000,0x00000000c0fdef48,0x00000000c3300000)
 Metaspace       used 14969K, capacity 15246K, committed 15488K, reserved 1062912K
  class space    used 1810K, capacity 1911K, committed 1920K, reserved 1048576K
}
Event: 13.646 GC heap before
{Heap before GC invocations=7 (full 0):
 PSYoungGen      total 22016K, used 20530K [0x00000000ead80000, 0x00000000ec980000, 0x0000000100000000)
  eden space 16384K, 100% used [0x00000000ead80000,0x00000000ebd80000,0x00000000ebd80000)
  from space 5632K, 73% used [0x00000000ec400000,0x00000000ec80cb28,0x00000000ec980000)
  to   space 6144K, 0% used [0x00000000ebd80000,0x00000000ebd80000,0x00000000ec380000)
 ParOldGen       total 44032K, used 8059K [0x00000000c0800000, 0x00000000c3300000, 0x00000000ead80000)
  object space 44032K, 18% used [0x00000000c0800000,0x00000000c0fdef48,0x00000000c3300000)
 Metaspace       used 15055K, capacity 15310K, committed 15488K, reserved 1062912K
  class space    used 1812K, capacity 1911K, committed 1920K, reserved 1048576K
Event: 13.669 GC heap after
Heap after GC invocations=7 (full 0):
 PSYoungGen      total 22528K, used 4080K [0x00000000ead80000, 0x00000000ec980000, 0x0000000100000000)
  eden space 16384K, 0% used [0x00000000ead80000,0x00000000ead80000,0x00000000ebd80000)
  from space 6144K, 66% used [0x00000000ebd80000,0x00000000ec17c010,0x00000000ec380000)
  to   space 6144K, 0% used [0x00000000ec380000,0x00000000ec380000,0x00000000ec980000)
 ParOldGen       total 44032K, used 8851K [0x00000000c0800000, 0x00000000c3300000, 0x00000000ead80000)
  object space 44032K, 20% used [0x00000000c0800000,0x00000000c10a4f98,0x00000000c3300000)
 Metaspace       used 15055K, capacity 15310K, committed 15488K, reserved 1062912K
  class space    used 1812K, capacity 1911K, committed 1920K, reserved 1048576K
}
Event: 16.152 GC heap before
{Heap before GC invocations=8 (full 0):
 PSYoungGen      total 22528K, used 20464K [0x00000000ead80000, 0x00000000ec980000, 0x0000000100000000)
  eden space 16384K, 100% used [0x00000000ead80000,0x00000000ebd80000,0x00000000ebd80000)
  from space 6144K, 66% used [0x00000000ebd80000,0x00000000ec17c010,0x00000000ec380000)
  to   space 6144K, 0% used [0x00000000ec380000,0x00000000ec380000,0x00000000ec980000)
 ParOldGen       total 44032K, used 8851K [0x00000000c0800000, 0x00000000c3300000, 0x00000000ead80000)
  object space 44032K, 20% used [0x00000000c0800000,0x00000000c10a4f98,0x00000000c3300000)
 Metaspace       used 15696K, capacity 16006K, committed 16384K, reserved 1062912K
  class space    used 1881K, capacity 1951K, committed 2048K, reserved 1048576K
Event: 16.167 GC heap after
Heap after GC invocations=8 (full 0):
 PSYoungGen      total 21504K, used 4064K [0x00000000ead80000, 0x00000000ec880000, 0x0000000100000000)
  eden space 16384K, 0% used [0x00000000ead80000,0x00000000ead80000,0x00000000ebd80000)
  from space 5120K, 79% used [0x00000000ec380000,0x00000000ec778000,0x00000000ec880000)
  to   space 5632K, 0% used [0x00000000ebd80000,0x00000000ebd80000,0x00000000ec300000)
 ParOldGen       total 44032K, used 10053K [0x00000000c0800000, 0x00000000c3300000, 0x00000000ead80000)
  object space 44032K, 22% used [0x00000000c0800000,0x00000000c11d17c8,0x00000000c3300000)
 Metaspace       used 15696K, capacity 16006K, committed 16384K, reserved 1062912K
  class space    used 1881K, capacity 1951K, committed 2048K, reserved 1048576K
}
Event: 17.885 GC heap before
{Heap before GC invocations=9 (full 0):
 PSYoungGen      total 21504K, used 20448K [0x00000000ead80000, 0x00000000ec880000, 0x0000000100000000)
  eden space 16384K, 100% used [0x00000000ead80000,0x00000000ebd80000,0x00000000ebd80000)
  from space 5120K, 79% used [0x00000000ec380000,0x00000000ec778000,0x00000000ec880000)
  to   space 5632K, 0% used [0x00000000ebd80000,0x00000000ebd80000,0x00000000ec300000)
 ParOldGen       total 44032K, used 10053K [0x00000000c0800000, 0x00000000c3300000, 0x00000000ead80000)
  object space 44032K, 22% used [0x00000000c0800000,0x00000000c11d17c8,0x00000000c3300000)
 Metaspace       used 16086K, capacity 16478K, committed 16640K, reserved 1064960K
  class space    used 1912K, capacity 2023K, committed 2048K, reserved 1048576K
Event: 17.898 GC heap after
Heap after GC invocations=9 (full 0):
 PSYoungGen      total 22016K, used 3027K [0x00000000ead80000, 0x00000000ec880000, 0x0000000100000000)
  eden space 16384K, 0% used [0x00000000ead80000,0x00000000ead80000,0x00000000ebd80000)
  from space 5632K, 53% used [0x00000000ebd80000,0x00000000ec074fe0,0x00000000ec300000)
  to   space 5632K, 0% used [0x00000000ec300000,0x00000000ec300000,0x00000000ec880000)
 ParOldGen       total 44032K, used 11877K [0x00000000c0800000, 0x00000000c3300000, 0x00000000ead80000)
  object space 44032K, 26% used [0x00000000c0800000,0x00000000c13997d8,0x00000000c3300000)
 Metaspace       used 16086K, capacity 16478K, committed 16640K, reserved 1064960K
  class space    used 1912K, capacity 2023K, committed 2048K, reserved 1048576K
}
Event: 19.350 GC heap before
{Heap before GC invocations=10 (full 0):
 PSYoungGen      total 22016K, used 19411K [0x00000000ead80000, 0x00000000ec880000, 0x0000000100000000)
  eden space 16384K, 100% used [0x00000000ead80000,0x00000000ebd80000,0x00000000ebd80000)
  from space 5632K, 53% used [0x00000000ebd80000,0x00000000ec074fe0,0x00000000ec300000)
  to   space 5632K, 0% used [0x00000000ec300000,0x00000000ec300000,0x00000000ec880000)
 ParOldGen       total 44032K, used 11877K [0x00000000c0800000, 0x00000000c3300000, 0x00000000ead80000)
  object space 44032K, 26% used [0x00000000c0800000,0x00000000c13997d8,0x00000000c3300000)
 Metaspace       used 16442K, capacity 16916K, committed 17280K, reserved 1064960K
  class space    used 1933K, capacity 2064K, committed 2176K, reserved 1048576K
Event: 19.361 GC heap after
Heap after GC invocations=10 (full 0):
 PSYoungGen      total 21504K, used 1902K [0x00000000ead80000, 0x00000000ec980000, 0x0000000100000000)
  eden space 15872K, 0% used [0x00000000ead80000,0x00000000ead80000,0x00000000ebd00000)
  from space 5632K, 33% used [0x00000000ec300000,0x00000000ec4db848,0x00000000ec880000)
  to   space 6144K, 0% used [0x00000000ebd00000,0x00000000ebd00000,0x00000000ec300000)
 ParOldGen       total 44032K, used 13525K [0x00000000c0800000, 0x00000000c3300000, 0x00000000ead80000)
  object space 44032K, 30% used [0x00000000c0800000,0x00000000c15357d8,0x00000000c3300000)
 Metaspace       used 16442K, capacity 16916K, committed 17280K, reserved 1064960K
  class space    used 1933K, capacity 2064K, committed 2176K, reserved 1048576K
}

